app/build/outputs/apk/manifest-merger-debug-report.txt
-- Merging decision tree log ---
manifest
ADDED from AndroidManifest.xml:2:1
	xmlns:android
		ADDED from AndroidManifest.xml:2:11
	package
		ADDED from AndroidManifest.xml:3:5
		INJECTED from AndroidManifest.xml:0:0
		INJECTED from AndroidManifest.xml:0:0
	android:versionName
		ADDED from AndroidManifest.xml:5:5
	android:versionCode
		ADDED from AndroidManifest.xml:4:5
		INJECTED from AndroidManifest.xml:0:0
		INJECTED from AndroidManifest.xml:0:0
uses-sdk
ADDED from AndroidManifest.xml:6:5
	android:targetSdkVersion
		INJECTED from AndroidManifest.xml:0:0
		INJECTED from AndroidManifest.xml:0:0
	android:minSdkVersion
		ADDED from AndroidManifest.xml:6:15
		INJECTED from AndroidManifest.xml:0:0
		INJECTED from AndroidManifest.xml:0:0
application
ADDED from AndroidManifest.xml:7:5
	android:label
		ADDED from AndroidManifest.xml:7:18
	android:icon
		ADDED from AndroidManifest.xml:8:18
activity#com.olyv.wortschatz.ui.StartActivity
ADDED from AndroidManifest.xml:9:9
	android:label
		ADDED from AndroidManifest.xml:10:19
	android:theme
		ADDED from AndroidManifest.xml:11:19
	android:name
		ADDED from AndroidManifest.xml:9:19
	android:logo
		ADDED from AndroidManifest.xml:12:19
intent-filter#android.intent.action.MAIN+android.intent.category.LAUNCHER
ADDED from AndroidManifest.xml:13:13
action#android.intent.action.MAIN
ADDED from AndroidManifest.xml:14:17
	android:name
		ADDED from AndroidManifest.xml:14:25
category#android.intent.category.LAUNCHER
ADDED from AndroidManifest.xml:15:17
	android:name
		ADDED from AndroidManifest.xml:15:27
activity#com.olyv.wortschatz.ui.lesson.LessonActivity
ADDED from AndroidManifest.xml:18:9
	android:label
		ADDED from AndroidManifest.xml:19:19
	android:theme
		ADDED from AndroidManifest.xml:20:19
	android:name
		ADDED from AndroidManifest.xml:18:19
activity#com.olyv.wortschatz.ui.manager.LessonItemsManagerActivity
ADDED from AndroidManifest.xml:22:9
	android:label
		ADDED from AndroidManifest.xml:24:17
	android:configChanges
		ADDED from AndroidManifest.xml:23:17
	android:theme
		ADDED from AndroidManifest.xml:25:17
	android:name
		ADDED from AndroidManifest.xml:22:19
	android:launchMode
		ADDED from AndroidManifest.xml:26:17
intent-filter#android.intent.action.SEARCH
ADDED from AndroidManifest.xml:27:17
action#android.intent.action.SEARCH
ADDED from AndroidManifest.xml:28:21
	android:name
		ADDED from AndroidManifest.xml:28:29
meta-data#android.app.searchable
ADDED from AndroidManifest.xml:30:17
	android:resource
		ADDED from AndroidManifest.xml:32:21
	android:name
		ADDED from AndroidManifest.xml:31:21
activity#com.olyv.wortschatz.ui.editor.LessonItemEditorActivity
ADDED from AndroidManifest.xml:34:9
	android:label
		ADDED from AndroidManifest.xml:35:19
	android:theme
		ADDED from AndroidManifest.xml:36:19
	android:name
		ADDED from AndroidManifest.xml:34:19
activity#com.olyv.wortschatz.ui.editor.AddNewItemActivity
ADDED from AndroidManifest.xml:38:9
	android:label
		ADDED from AndroidManifest.xml:39:19
	android:theme
		ADDED from AndroidManifest.xml:40:19
	android:name
		ADDED from AndroidManifest.xml:38:19